qrcodetest/build/intermediates/manifest_merge_blame_file/debug/manifest-merger-blame-debug-report.txt
1<?xml version="1.0" encoding="utf-8"?>
2<manifest xmlns:android="http://schemas.android.com/apk/res/android"
3    package="com.example.qrcodetest"
4    android:versionCode="1"
5    android:versionName="1.0" >
6
7    <uses-sdk
8        android:minSdkVersion="24"
8-->src\main\AndroidManifest.xml
9        android:targetSdkVersion="33" />
9-->src\main\AndroidManifest.xml
10
11    <uses-feature
11-->src\main\AndroidManifest.xml:5:5-7:36
12        android:name="android.hardware.camera"
12-->src\main\AndroidManifest.xml:6:9-47
13        android:required="false" />
13-->src\main\AndroidManifest.xml:7:9-33
14
15    <uses-permission android:name="android.permission.CAMERA" />
15-->src\main\AndroidManifest.xml:9:5-65
15-->src\main\AndroidManifest.xml:9:22-62
16
17    <uses-feature
17-->[com.journeyapps:zxing-android-embedded:4.3.0] AndroidManifest.xml:28:5-30:36
18        android:name="android.hardware.camera.front"
18-->[com.journeyapps:zxing-android-embedded:4.3.0] AndroidManifest.xml:29:9-53
19        android:required="false" /> <!-- TODO replace above two with next line after Android 4.2 -->
19-->[com.journeyapps:zxing-android-embedded:4.3.0] AndroidManifest.xml:30:9-33
20    <!-- <uses-feature android:name="android.hardware.camera.any"/> -->
21    <uses-feature
21-->[com.journeyapps:zxing-android-embedded:4.3.0] AndroidManifest.xml:33:5-35:36
22        android:name="android.hardware.camera.autofocus"
22-->[com.journeyapps:zxing-android-embedded:4.3.0] AndroidManifest.xml:34:9-57
23        android:required="false" />
23-->[com.journeyapps:zxing-android-embedded:4.3.0] AndroidManifest.xml:35:9-33
24    <uses-feature
24-->[com.journeyapps:zxing-android-embedded:4.3.0] AndroidManifest.xml:36:5-38:36
25        android:name="android.hardware.camera.flash"
25-->[com.journeyapps:zxing-android-embedded:4.3.0] AndroidManifest.xml:37:9-53
26        android:required="false" />
26-->[com.journeyapps:zxing-android-embedded:4.3.0] AndroidManifest.xml:38:9-33
27    <uses-feature
27-->[com.journeyapps:zxing-android-embedded:4.3.0] AndroidManifest.xml:39:5-41:36
28        android:name="android.hardware.screen.landscape"
28-->[com.journeyapps:zxing-android-embedded:4.3.0] AndroidManifest.xml:40:9-57
29        android:required="false" />
29-->[com.journeyapps:zxing-android-embedded:4.3.0] AndroidManifest.xml:41:9-33
30    <uses-feature
30-->[com.journeyapps:zxing-android-embedded:4.3.0] AndroidManifest.xml:42:5-44:36
31        android:name="android.hardware.wifi"
31-->[com.journeyapps:zxing-android-embedded:4.3.0] AndroidManifest.xml:43:9-45
32        android:required="false" />
32-->[com.journeyapps:zxing-android-embedded:4.3.0] AndroidManifest.xml:44:9-33
33
34    <permission
34-->[androidx.core:core:1.9.0] AndroidManifest.xml:22:5-24:47
35        android:name="com.example.qrcodetest.DYNAMIC_RECEIVER_NOT_EXPORTED_PERMISSION"
35-->[androidx.core:core:1.9.0] AndroidManifest.xml:23:9-81
36        android:protectionLevel="signature" />
36-->[androidx.core:core:1.9.0] AndroidManifest.xml:24:9-44
37
38    <uses-permission android:name="com.example.qrcodetest.DYNAMIC_RECEIVER_NOT_EXPORTED_PERMISSION" />
38-->[androidx.core:core:1.9.0] AndroidManifest.xml:26:5-97
38-->[androidx.core:core:1.9.0] AndroidManifest.xml:26:22-94
39
40    <application
40-->src\main\AndroidManifest.xml:11:5-34:19
41        android:allowBackup="true"
41-->src\main\AndroidManifest.xml:12:9-35
42        android:appComponentFactory="androidx.core.app.CoreComponentFactory"
42-->[androidx.core:core:1.9.0] AndroidManifest.xml:28:18-86
43        android:debuggable="true"
44        android:extractNativeLibs="false"
45        android:hardwareAccelerated="true"
45-->src\main\AndroidManifest.xml:13:9-43
46        android:icon="@mipmap/ic_launcher"
46-->src\main\AndroidManifest.xml:14:9-43
47        android:label="@string/app_name"
47-->src\main\AndroidManifest.xml:15:9-41
48        android:roundIcon="@mipmap/ic_launcher_round"
48-->src\main\AndroidManifest.xml:16:9-54
49        android:supportsRtl="true"
49-->src\main\AndroidManifest.xml:17:9-35
50        android:testOnly="true"
51        android:theme="@style/Theme.K23021AndroidLab" >
51-->src\main\AndroidManifest.xml:18:9-54
52        <activity
52-->src\main\AndroidManifest.xml:19:9-21:40
53            android:name="com.example.qrcodetest.ScanQRActivity"
53-->src\main\AndroidManifest.xml:20:13-43
54            android:exported="false" />
54-->src\main\AndroidManifest.xml:21:13-37
55        <activity
55-->src\main\AndroidManifest.xml:22:9-24:40
56            android:name="com.example.qrcodetest.CreateQRActivity"
56-->src\main\AndroidManifest.xml:23:13-45
57            android:exported="false" />
57-->src\main\AndroidManifest.xml:24:13-37
58        <activity
58-->src\main\AndroidManifest.xml:25:9-33:20
59            android:name="com.example.qrcodetest.MainActivity"
59-->src\main\AndroidManifest.xml:26:13-41
60            android:exported="true" >
60-->src\main\AndroidManifest.xml:27:13-36
61            <intent-filter>
61-->src\main\AndroidManifest.xml:28:13-32:29
62                <action android:name="android.intent.action.MAIN" />
62-->src\main\AndroidManifest.xml:29:17-69
62-->src\main\AndroidManifest.xml:29:25-66
63
64                <category android:name="android.intent.category.LAUNCHER" />
64-->src\main\AndroidManifest.xml:31:17-77
64-->src\main\AndroidManifest.xml:31:27-74
65            </intent-filter>
66        </activity>
67        <activity
67-->[com.journeyapps:zxing-android-embedded:4.3.0] AndroidManifest.xml:47:9-53:63
68            android:name="com.journeyapps.barcodescanner.CaptureActivity"
68-->[com.journeyapps:zxing-android-embedded:4.3.0] AndroidManifest.xml:48:13-74
69            android:clearTaskOnLaunch="true"
69-->[com.journeyapps:zxing-android-embedded:4.3.0] AndroidManifest.xml:49:13-45
70            android:screenOrientation="sensorLandscape"
70-->[com.journeyapps:zxing-android-embedded:4.3.0] AndroidManifest.xml:50:13-56
71            android:stateNotNeeded="true"
71-->[com.journeyapps:zxing-android-embedded:4.3.0] AndroidManifest.xml:51:13-42
72            android:theme="@style/zxing_CaptureTheme"
72-->[com.journeyapps:zxing-android-embedded:4.3.0] AndroidManifest.xml:52:13-54
73            android:windowSoftInputMode="stateAlwaysHidden" />
73-->[com.journeyapps:zxing-android-embedded:4.3.0] AndroidManifest.xml:53:13-60
74
75        <provider
75-->[androidx.emoji2:emoji2:1.2.0] AndroidManifest.xml:24:9-32:20
76            android:name="androidx.startup.InitializationProvider"
76-->[androidx.emoji2:emoji2:1.2.0] AndroidManifest.xml:25:13-67
77            android:authorities="com.example.qrcodetest.androidx-startup"
77-->[androidx.emoji2:emoji2:1.2.0] AndroidManifest.xml:26:13-68
78            android:exported="false" >
78-->[androidx.emoji2:emoji2:1.2.0] AndroidManifest.xml:27:13-37
79            <meta-data
79-->[androidx.emoji2:emoji2:1.2.0] AndroidManifest.xml:29:13-31:52
80                android:name="androidx.emoji2.text.EmojiCompatInitializer"
80-->[androidx.emoji2:emoji2:1.2.0] AndroidManifest.xml:30:17-75
81                android:value="androidx.startup" />
81-->[androidx.emoji2:emoji2:1.2.0] AndroidManifest.xml:31:17-49
82            <meta-data
82-->[androidx.lifecycle:lifecycle-process:2.4.1] AndroidManifest.xml:31:13-33:52
83                android:name="androidx.lifecycle.ProcessLifecycleInitializer"
83-->[androidx.lifecycle:lifecycle-process:2.4.1] AndroidManifest.xml:32:17-78
84                android:value="androidx.startup" />
84-->[androidx.lifecycle:lifecycle-process:2.4.1] AndroidManifest.xml:33:17-49
85        </provider>
86    </application>
87
88</manifest>